~~~
<div id="d0284620-d2e1-4a2c-adde-e6ba5119ff5c" data-jscall-id="108" style="visibility: hidden;">
  <div data-jscall-id="103">slider 1: 
    <input step="1" max="100" min="1" data-jscall-id="104" value="1" oninput="JSServe.update_obs('18288294489525048738', parseFloat(value))" type="range" />
    <p data-jscall-id="102">1</p>
  </div>
  <script data-jscall-id="105" type="text/javascript">
    window.__define = window.define;
    window.__require = window.require;
    window.define = undefined;
    window.require = undefined;

</script>
  <script data-jscall-id="106" type="text/javascript">
    window.define = window.__define;
    window.require = window.__require;
    window.__define = undefined;
    window.__require = undefined;

</script>
  <script data-jscall-id="107" type="text/javascript">
(()=> {
    JSServe.register_sub_session('d0284620-d2e1-4a2c-adde-e6ba5119ff5c')
    const init_data_b64 = 'H4sIAAAAAAAAA8VUzW7TQBgU1zzF3txITbq7/kcqBygHIkFB4YbQauP9EhbsXcu7TmshLuGMBFdugNRwReUheAXeho1T0oKiRiSV8MnWN9/YM7Oe2bzkTa65+Pj2992tz1J8JwlNEpoGQZKGNMRBEvvJ18JMmG1K+BSuwLNzxl7yKTdZJUvbThk7GwzvaQErzJnRdZXBzx8V2LpSaFyrzEqtkFasLgW3sKfghE15XkMXve4gdx0cSGWhKnXOrVQTpMfo6PghUo7XIK4E0vYFVGhQ55KjdtOgE129QoU2Nm8QNwhOS8gsiNstYaaVsahkkEMByqJDxBi4ReYGFk4tY8/w8xa5wvSlUlA9dUOHXn1h501nfrHzYa38+ZEuHl3R/4VgutlT8kcA32KfxCTwfRzQBRjH69wXLS2No4iQKPDDJMWEkDQN1oEXtOfUxySlYRTGaepHBOOQ7hzr44tYW3cO76DBcAjVFPrLaNkiMsatreSodkmvcX0fecZC6e0vKbr/bG+wwTGynbDjGxBW8NPddG3I939Kk2o3adefxi2VPbkBZe3urrFd/7fPthL37rLJeFnmMuOLHmVCF66hhM7qtrYmYO8vG+xu80DseQLTJIgo7gkKpBdwmvVcd0APohEP3Xkaj8PM67bd9xdr39gmh/5UGjmSubSNe43XPuXgrWrw/aWuK/mlvwBCpRvQXAYAAA=='
    JSServe.init_from_b64(init_data_b64)
    if (!true){
        JSServe.update_obs('1253622831966989390', true)
    }
})()
</script>
</div>
~~~
