~~~
<div id="106048f8-27af-478b-b899-89a5b0d0c150" data-jscall-id="108" style="visibility: hidden;">
  <div data-jscall-id="103">slider 1: 
    <input step="1" max="100" min="1" data-jscall-id="104" value="1" oninput="JSServe.update_obs('868909888422042696', parseFloat(value))" type="range" />
    <p data-jscall-id="102">1</p>
  </div>
  <script data-jscall-id="105" type="text/javascript">
    window.__define = window.define;
    window.__require = window.require;
    window.define = undefined;
    window.require = undefined;

</script>
  <script data-jscall-id="106" type="text/javascript">
    window.define = window.__define;
    window.require = window.__require;
    window.__define = undefined;
    window.__require = undefined;

</script>
  <script data-jscall-id="107" type="text/javascript">
(()=> {
    JSServe.register_sub_session('106048f8-27af-478b-b899-89a5b0d0c150')
    const init_data_b64 = 'H4sIAAAAAAAAA8VUQW/TMBgV1/4K37JKa+e4TmIjjQOMA5VgTOWGkOUmX4shsaPE6RohLuWMxK7cAGnlzPgR/AX+DW46uoGqTrSTyCnR977nvPeSN5vnsk6NTD6++31357NKvrGQccwZY5QQTEnIw69ZORa2zuFTsILOLoR4JSeyjAuV22YqxHl/8MAksMKcl6YqYvj5owBbFRqNKh1bZTQyWlR5Ii3saTgVE5lW0EZvWshdBwdKWyhyk0qr9BiZETo6foy04y2R1Aky9iUUqF+lSqJms0SnpniNMlPatEayRDDNIbaQ3G0IY6NLi3IBKWSgLTpEQoBbFG5gYWqFeI5fNMgVpqu0huKZGzr06g1bb1vzy52ztfLnRyZ7ck3/Fx+Tmxz1/zD/ux9hygMe+L2IMBZRTEi0zv6kAeMgIAxzP3TcEY5CGvbWgRfMF7TnzsU84phQzANMKdk516eXuTb2HN5D/cEAigl0l9mKRWZCWluoYeWiXmP7PvJKC7m3v6Ro/7O/9GbT/O20Hd+CtkxOd5W2MeL/KU3p3aRt/iC3VHZyC8qa3d20bf7jZ1tJe3/VZTLPUxXLRZOKxGSuoxITV01xjcE+XHbY/fpRsuf5OMSUjViHRHLUoREbdoaM8w7jMhjiBMd+gL12035/sXZLW6fQnahSDVWqbO2O8ZqnFLxVEX640nUtPf4LvV187lwGAAA='
    JSServe.init_from_b64(init_data_b64)
    if (!true){
        JSServe.update_obs('9822707166416807355', true)
    }
})()
</script>
</div>
~~~
