~~~
<div id="3c8fcc1f-5a14-44fb-b35b-2e903441883e" data-jscall-id="108" style="visibility: hidden;">
  <div data-jscall-id="103">slider 1: 
    <input step="1" max="100" min="1" data-jscall-id="104" value="1" oninput="JSServe.update_obs('5066652230851212954', parseFloat(value))" type="range" />
    <p data-jscall-id="102">1</p>
  </div>
  <script data-jscall-id="105" type="text/javascript">
    window.__define = window.define;
    window.__require = window.require;
    window.define = undefined;
    window.require = undefined;

</script>
  <script data-jscall-id="106" type="text/javascript">
    window.define = window.__define;
    window.require = window.__require;
    window.__define = undefined;
    window.__require = undefined;

</script>
  <script data-jscall-id="107" type="text/javascript">
(()=> {
    JSServe.register_sub_session('3c8fcc1f-5a14-44fb-b35b-2e903441883e')
    const init_data_b64 = 'H4sIAAAAAAAAA8WUQW/TMBiGxbW/wres0trFjp06SOMA40AlGFO5IWS5yddiSOwocbpGiEs5I7ErN0BauY8fwV/g3+CmowVUdaKdRA6RI3/f5zzvm7yzeS7r1Mjk47tfqzufVXLF/DAMGSGBzxkmmESMfs3KsbB1Dp/YqnZ2JcQrOZFlXKjcNrtCXPYHD0wCq5rL0lRFDD++F2CrQqNRpWOrjEZGiypPpIUDDediItMK2uhNC7nr6EhpC0VuUmmVHiMzQienj5F2c0skdYKMfQkF6lepkqjpLNG5KV6jzJQ2rZEsEUxziC0kd5uBsdGlRbmAFDLQFh0jIcA1CrdhYWqFeO6/aCpXNV2lNRTP3KarXr1h621rft1zsRF/fmKyJ7/xf8E+uVFS/If83zAhEe71IoqjIOwxjjELN+mfLAZjTvyAs4gH1N16PeoHm2obX8MA+yF1h0echZQTTvDevj699rWR5/ge6g8GUEygu/RWLDwT0tpCDStn9QbZD5FXWsi9w+WI9j/rS2/WDO/GdnoLbJmc7oe23eH/Sab0nmRbv8cdyc5ugazp3ZNt+w8/24nt/TrLZJ6nKpaLJBWJyVxGJSaumuAag324zLD79aPkwAtiPopjPOowiWmH0tGwMwzYsEMg8gNKMecBeO0m/f6a2i1tnUJ3oko1VKmytTvGa55S8FZB+GHNRdbL6CeIn9CoXQYAAA=='
    JSServe.init_from_b64(init_data_b64)
    if (!true){
        JSServe.update_obs('1994969193474486021', true)
    }
})()
</script>
</div>
~~~
